# JRE version: Java(TM) SE Runtime Environment (8.0_144-b01) (build 1.8.0_144-b01)
# Java VM: Java HotSpot(TM) 64-Bit Server VM (25.144-b01 mixed mode windows-amd64 compressed oops)
Heap:
 PSYoungGen      total 195072K, used 51726K [0x00000000eab00000, 0x00000000f8980000, 0x0000000100000000)
  eden space 174080K, 29% used [0x00000000eab00000,0x00000000edd83bc8,0x00000000f5500000)
  from space 20992K, 0% used [0x00000000f6d00000,0x00000000f6d00000,0x00000000f8180000)
  to   space 24576K, 0% used [0x00000000f5500000,0x00000000f5500000,0x00000000f6d00000)
 ParOldGen       total 141824K, used 34997K [0x00000000c0000000, 0x00000000c8a80000, 0x00000000eab00000)
  object space 141824K, 24% used [0x00000000c0000000,0x00000000c222d560,0x00000000c8a80000)
 Metaspace       used 60339K, capacity 62124K, committed 62296K, reserved 1103872K
  class space    used 8032K, capacity 8427K, committed 8536K, reserved 1048576K
GC Heap History (10 events):
Event: 60.776 GC heap before
{Heap before GC invocations=17 (full 2):
 PSYoungGen      total 134144K, used 134133K [0x00000000eab00000, 0x00000000f4200000, 0x0000000100000000)
  eden space 120320K, 100% used [0x00000000eab00000,0x00000000f2080000,0x00000000f2080000)
  from space 13824K, 99% used [0x00000000f3000000,0x00000000f3d7d7e8,0x00000000f3d80000)
  to   space 15872K, 0% used [0x00000000f2080000,0x00000000f2080000,0x00000000f3000000)
 ParOldGen       total 96256K, used 19645K [0x00000000c0000000, 0x00000000c5e00000, 0x00000000eab00000)
  object space 96256K, 20% used [0x00000000c0000000,0x00000000c132f598,0x00000000c5e00000)
 Metaspace       used 49965K, capacity 51062K, committed 51288K, reserved 1093632K
  class space    used 6580K, capacity 6886K, committed 7000K, reserved 1048576K
Event: 60.803 GC heap after
Heap after GC invocations=17 (full 2):
 PSYoungGen      total 136192K, used 13325K [0x00000000eab00000, 0x00000000f6400000, 0x0000000100000000)
  eden space 120320K, 0% used [0x00000000eab00000,0x00000000eab00000,0x00000000f2080000)
  from space 15872K, 83% used [0x00000000f2080000,0x00000000f2d834d8,0x00000000f3000000)
  to   space 16896K, 0% used [0x00000000f5380000,0x00000000f5380000,0x00000000f6400000)
 ParOldGen       total 96256K, used 19653K [0x00000000c0000000, 0x00000000c5e00000, 0x00000000eab00000)
  object space 96256K, 20% used [0x00000000c0000000,0x00000000c1331598,0x00000000c5e00000)
 Metaspace       used 49965K, capacity 51062K, committed 51288K, reserved 1093632K
  class space    used 6580K, capacity 6886K, committed 7000K, reserved 1048576K
}
Event: 67.024 GC heap before
{Heap before GC invocations=18 (full 2):
 PSYoungGen      total 136192K, used 133645K [0x00000000eab00000, 0x00000000f6400000, 0x0000000100000000)
  eden space 120320K, 100% used [0x00000000eab00000,0x00000000f2080000,0x00000000f2080000)
  from space 15872K, 83% used [0x00000000f2080000,0x00000000f2d834d8,0x00000000f3000000)
  to   space 16896K, 0% used [0x00000000f5380000,0x00000000f5380000,0x00000000f6400000)
 ParOldGen       total 96256K, used 19653K [0x00000000c0000000, 0x00000000c5e00000, 0x00000000eab00000)
  object space 96256K, 20% used [0x00000000c0000000,0x00000000c1331598,0x00000000c5e00000)
 Metaspace       used 49967K, capacity 51068K, committed 51288K, reserved 1093632K
  class space    used 6580K, capacity 6887K, committed 7000K, reserved 1048576K
Event: 67.051 GC heap after
Heap after GC invocations=18 (full 2):
 PSYoungGen      total 169472K, used 13014K [0x00000000eab00000, 0x00000000f6380000, 0x0000000100000000)
  eden space 153088K, 0% used [0x00000000eab00000,0x00000000eab00000,0x00000000f4080000)
  from space 16384K, 79% used [0x00000000f5380000,0x00000000f6035a28,0x00000000f6380000)
  to   space 17920K, 0% used [0x00000000f4080000,0x00000000f4080000,0x00000000f5200000)
 ParOldGen       total 96256K, used 19661K [0x00000000c0000000, 0x00000000c5e00000, 0x00000000eab00000)
  object space 96256K, 20% used [0x00000000c0000000,0x00000000c1333598,0x00000000c5e00000)
 Metaspace       used 49967K, capacity 51068K, committed 51288K, reserved 1093632K
  class space    used 6580K, capacity 6887K, committed 7000K, reserved 1048576K
}
Event: 179.832 GC heap before
{Heap before GC invocations=19 (full 2):
 PSYoungGen      total 169472K, used 166102K [0x00000000eab00000, 0x00000000f6380000, 0x0000000100000000)
  eden space 153088K, 100% used [0x00000000eab00000,0x00000000f4080000,0x00000000f4080000)
  from space 16384K, 79% used [0x00000000f5380000,0x00000000f6035a28,0x00000000f6380000)
  to   space 17920K, 0% used [0x00000000f4080000,0x00000000f4080000,0x00000000f5200000)
 ParOldGen       total 96256K, used 19661K [0x00000000c0000000, 0x00000000c5e00000, 0x00000000eab00000)
  object space 96256K, 20% used [0x00000000c0000000,0x00000000c1333598,0x00000000c5e00000)
 Metaspace       used 54046K, capacity 55258K, committed 55640K, reserved 1097728K
  class space    used 7077K, capacity 7388K, committed 7512K, reserved 1048576K
Event: 179.988 GC heap after
Heap after GC invocations=19 (full 2):
 PSYoungGen      total 171008K, used 17906K [0x00000000eab00000, 0x00000000f8180000, 0x0000000100000000)
  eden space 153088K, 0% used [0x00000000eab00000,0x00000000eab00000,0x00000000f4080000)
  from space 17920K, 99% used [0x00000000f4080000,0x00000000f51fcb98,0x00000000f5200000)
  to   space 20992K, 0% used [0x00000000f6d00000,0x00000000f6d00000,0x00000000f8180000)
 ParOldGen       total 96256K, used 21462K [0x00000000c0000000, 0x00000000c5e00000, 0x00000000eab00000)
  object space 96256K, 22% used [0x00000000c0000000,0x00000000c14f5b10,0x00000000c5e00000)
 Metaspace       used 54046K, capacity 55258K, committed 55640K, reserved 1097728K
  class space    used 7077K, capacity 7388K, committed 7512K, reserved 1048576K
}
Event: 184.658 GC heap before
{Heap before GC invocations=20 (full 2):
 PSYoungGen      total 171008K, used 92394K [0x00000000eab00000, 0x00000000f8180000, 0x0000000100000000)
  eden space 153088K, 48% used [0x00000000eab00000,0x00000000ef3bddc0,0x00000000f4080000)
  from space 17920K, 99% used [0x00000000f4080000,0x00000000f51fcb98,0x00000000f5200000)
  to   space 20992K, 0% used [0x00000000f6d00000,0x00000000f6d00000,0x00000000f8180000)
 ParOldGen       total 96256K, used 21462K [0x00000000c0000000, 0x00000000c5e00000, 0x00000000eab00000)
  object space 96256K, 22% used [0x00000000c0000000,0x00000000c14f5b10,0x00000000c5e00000)
 Metaspace       used 57229K, capacity 58924K, committed 58968K, reserved 1099776K
  class space    used 7586K, capacity 7999K, committed 8024K, reserved 1048576K
Event: 184.699 GC heap after
Heap after GC invocations=20 (full 2):
 PSYoungGen      total 195072K, used 20960K [0x00000000eab00000, 0x00000000f8980000, 0x0000000100000000)
  eden space 174080K, 0% used [0x00000000eab00000,0x00000000eab00000,0x00000000f5500000)
  from space 20992K, 99% used [0x00000000f6d00000,0x00000000f8178148,0x00000000f8180000)
  to   space 24576K, 0% used [0x00000000f5500000,0x00000000f5500000,0x00000000f6d00000)
 ParOldGen       total 96256K, used 23282K [0x00000000c0000000, 0x00000000c5e00000, 0x00000000eab00000)
  object space 96256K, 24% used [0x00000000c0000000,0x00000000c16bc940,0x00000000c5e00000)
 Metaspace       used 57229K, capacity 58924K, committed 58968K, reserved 1099776K
  class space    used 7586K, capacity 7999K, committed 8024K, reserved 1048576K
}
Event: 184.699 GC heap before
{Heap before GC invocations=21 (full 3):
 PSYoungGen      total 195072K, used 20960K [0x00000000eab00000, 0x00000000f8980000, 0x0000000100000000)
  eden space 174080K, 0% used [0x00000000eab00000,0x00000000eab00000,0x00000000f5500000)
  from space 20992K, 99% used [0x00000000f6d00000,0x00000000f8178148,0x00000000f8180000)
  to   space 24576K, 0% used [0x00000000f5500000,0x00000000f5500000,0x00000000f6d00000)
 ParOldGen       total 96256K, used 23282K [0x00000000c0000000, 0x00000000c5e00000, 0x00000000eab00000)
  object space 96256K, 24% used [0x00000000c0000000,0x00000000c16bc940,0x00000000c5e00000)
 Metaspace       used 57229K, capacity 58924K, committed 58968K, reserved 1099776K
  class space    used 7586K, capacity 7999K, committed 8024K, reserved 1048576K
Event: 185.434 GC heap after
Heap after GC invocations=21 (full 3):
 PSYoungGen      total 195072K, used 0K [0x00000000eab00000, 0x00000000f8980000, 0x0000000100000000)
  eden space 174080K, 0% used [0x00000000eab00000,0x00000000eab00000,0x00000000f5500000)
  from space 20992K, 0% used [0x00000000f6d00000,0x00000000f6d00000,0x00000000f8180000)
  to   space 24576K, 0% used [0x00000000f5500000,0x00000000f5500000,0x00000000f6d00000)
 ParOldGen       total 141824K, used 34997K [0x00000000c0000000, 0x00000000c8a80000, 0x00000000eab00000)
  object space 141824K, 24% used [0x00000000c0000000,0x00000000c222d560,0x00000000c8a80000)
 Metaspace       used 57168K, capacity 58798K, committed 58968K, reserved 1099776K
  class space    used 7572K, capacity 7957K, committed 8024K, reserved 1048576K
}

